-------------------------------------------------------------------------------
Test set: com.cdk.shoppingcart.demo.ShoppingcartApplicationTests
-------------------------------------------------------------------------------
Tests run: 1, Failures: 0, Errors: 1, Skipped: 0, Time elapsed: 21.161 s <<< FAILURE! - in com.cdk.shoppingcart.demo.ShoppingcartApplicationTests
contextLoads(com.cdk.shoppingcart.demo.ShoppingcartApplicationTests)  Time elapsed: 0.003 s  <<< ERROR!
java.lang.IllegalStateException: Failed to load ApplicationContext
Caused by: org.springframework.beans.factory.BeanCreationException: Error creating bean with name 'entityManagerFactory' defined in class path resource [org/springframework/boot/autoconfigure/orm/jpa/HibernateJpaConfiguration.class]: Invocation of init method failed; nested exception is javax.persistence.PersistenceException: [PersistenceUnit: default] Unable to build Hibernate SessionFactory; nested exception is org.hibernate.MappingException: Composite-id class must implement Serializable: com.cdk.shoppingcart.demo.model.CustomerType
Caused by: javax.persistence.PersistenceException: [PersistenceUnit: default] Unable to build Hibernate SessionFactory; nested exception is org.hibernate.MappingException: Composite-id class must implement Serializable: com.cdk.shoppingcart.demo.model.CustomerType
Caused by: org.hibernate.MappingException: Composite-id class must implement Serializable: com.cdk.shoppingcart.demo.model.CustomerType

